SF:lib/canonicalize.dart
DA:9,9
DA:10,9
DA:12,24
DA:13,14
DA:14,17
DA:15,18
DA:16,5
DA:17,7
DA:18,6
DA:29,2
DA:30,5
DA:42,5
DA:44,5
DA:45,5
DA:46,10
DA:47,10
DA:52,5
DA:54,5
DA:56,10
DA:57,8
DA:58,10
DA:61,10
DA:62,10
DA:63,25
DA:64,10
DA:65,15
DA:71,3
DA:72,14
DA:75,3
DA:76,3
DA:77,6
DA:78,12
LF:32
LH:32
end_of_record
SF:lib/models.dart
DA:3,7
DA:4,28
DA:7,9
DA:33,6
DA:34,18
DA:36,7
DA:38,8
DA:40,14
DA:41,7
DA:42,14
DA:43,7
DA:44,7
DA:45,7
DA:46,7
DA:47,14
DA:48,7
DA:49,14
DA:54,6
DA:70,10
DA:71,5
DA:72,5
DA:73,5
DA:74,5
DA:75,10
DA:76,10
DA:81,8
DA:99,8
DA:100,4
DA:101,4
DA:102,4
DA:103,8
DA:104,4
DA:105,4
DA:106,8
DA:114,1
DA:126,2
DA:127,1
DA:128,1
DA:129,1
DA:130,1
LF:40
LH:40
end_of_record
SF:lib/fetchers/feed.dart
DA:6,3
DA:25,4
DA:26,12
DA:28,4
DA:31,4
DA:32,1
DA:33,3
DA:36,4
DA:37,12
DA:38,8
DA:39,3
DA:40,2
DA:43,3
DA:58,3
DA:59,6
DA:62,6
DA:63,3
DA:68,6
DA:69,6
DA:72,4
DA:73,11
DA:74,9
DA:75,3
DA:76,3
DA:77,3
DA:79,7
DA:80,6
DA:83,4
DA:96,3
DA:99,6
DA:101,3
DA:102,3
DA:108,1
DA:114,1
DA:115,2
DA:116,1
DA:117,1
DA:118,1
DA:119,1
DA:121,3
DA:122,1
DA:125,1
DA:160,3
DA:162,3
DA:163,3
DA:165,3
DA:166,3
DA:169,1
DA:172,1
DA:175,3
DA:178,2
DA:179,1
DA:181,1
DA:183,1
DA:184,2
DA:185,2
DA:186,2
DA:187,2
DA:190,1
DA:193,2
DA:194,3
DA:195,2
DA:196,2
DA:197,1
DA:198,3
DA:202,2
DA:204,2
LF:67
LH:67
end_of_record
SF:lib/net.dart
DA:26,6
DA:40,5
DA:41,5
DA:49,2
DA:50,6
DA:57,6
DA:58,12
DA:60,1
DA:61,2
DA:63,1
DA:65,2
DA:66,2
DA:71,7
DA:76,2
DA:77,7
DA:95,6
DA:96,18
DA:97,12
DA:98,6
DA:100,1
DA:101,2
DA:102,1
DA:105,6
DA:106,12
DA:107,3
DA:109,12
DA:113,6
DA:117,6
DA:119,6
DA:120,12
DA:121,6
DA:122,6
DA:123,6
DA:124,1
DA:137,6
DA:138,6
DA:139,6
DA:140,6
DA:141,3
DA:142,1
DA:143,2
DA:146,1
DA:147,4
DA:148,1
DA:149,3
DA:152,12
DA:153,2
DA:155,1
DA:166,1
DA:167,2
DA:172,12
DA:173,10
DA:174,5
DA:175,20
DA:176,5
DA:177,15
DA:184,12
DA:185,30
DA:192,2
DA:193,3
DA:195,18
DA:197,6
DA:201,6
LF:63
LH:63
end_of_record
SF:lib/fetchers/github.dart
DA:7,3
DA:8,6
DA:10,1
DA:11,2
DA:13,6
DA:19,2
DA:21,6
DA:22,4
DA:23,8
DA:27,1
DA:29,2
DA:30,1
DA:31,2
DA:32,1
DA:35,4
DA:42,2
DA:44,2
DA:45,2
DA:52,4
DA:56,2
DA:57,2
DA:60,4
DA:61,4
DA:64,2
DA:65,2
DA:66,2
DA:67,2
DA:68,2
DA:70,2
DA:72,4
DA:73,4
DA:74,2
DA:77,3
DA:83,1
DA:85,1
DA:86,1
DA:90,1
DA:91,2
DA:95,3
DA:96,3
DA:99,3
DA:102,3
DA:108,6
DA:109,3
DA:110,5
DA:111,2
DA:115,2
DA:116,2
DA:117,2
DA:120,2
DA:121,2
DA:122,2
DA:129,1
DA:135,1
DA:136,1
DA:137,1
DA:138,1
DA:144,2
DA:145,1
DA:149,1
DA:150,2
DA:152,2
DA:153,1
DA:154,1
DA:155,1
DA:156,1
DA:157,1
DA:160,1
DA:161,1
DA:162,1
DA:164,3
DA:165,1
LF:72
LH:72
end_of_record
SF:lib/redact.dart
DA:10,22
DA:20,7
DA:22,12
DA:23,12
DA:26,15
DA:28,11
DA:30,17
DA:33,6
LF:8
LH:8
end_of_record
SF:lib/fetchers/fetchers.dart
DA:9,2
DA:19,2
DA:20,3
DA:27,2
DA:28,2
DA:29,2
DA:30,1
DA:31,2
DA:35,2
DA:36,1
DA:37,1
DA:40,1
DA:43,1
DA:45,2
DA:46,2
DA:47,2
DA:48,2
DA:49,1
DA:50,2
DA:54,1
DA:55,3
DA:56,1
DA:58,1
DA:59,2
DA:60,1
DA:63,4
DA:64,1
DA:65,3
DA:66,1
DA:69,1
DA:73,2
DA:78,2
DA:79,3
DA:83,2
DA:84,2
DA:87,2
DA:90,2
DA:93,3
DA:94,3
DA:96,2
DA:100,2
DA:104,6
DA:105,6
DA:106,2
DA:107,2
DA:108,2
DA:109,2
DA:110,1
DA:111,1
DA:113,2
DA:115,2
DA:117,8
LF:52
LH:52
end_of_record
SF:lib/fetchers/registry.dart
DA:9,3
DA:15,3
DA:31,3
DA:33,3
DA:35,6
DA:38,3
DA:41,2
DA:42,4
DA:46,3
DA:48,2
DA:51,3
DA:53,4
DA:56,2
DA:58,2
DA:59,4
DA:62,4
DA:64,1
DA:65,1
DA:66,1
DA:71,1
DA:72,1
DA:78,3
DA:79,9
DA:80,3
DA:81,6
DA:84,3
DA:85,3
DA:86,3
DA:87,3
DA:90,3
DA:91,6
DA:92,6
DA:98,3
DA:118,3
DA:119,6
DA:120,7
DA:121,4
DA:123,3
DA:124,6
DA:125,2
DA:126,3
DA:130,3
DA:131,3
DA:132,3
DA:135,3
DA:136,3
DA:137,3
DA:139,3
DA:140,3
DA:141,6
DA:142,3
DA:143,3
DA:144,12
DA:145,3
DA:146,3
DA:148,6
DA:149,2
DA:153,3
DA:154,3
DA:157,2
DA:158,2
DA:159,2
DA:160,2
DA:162,2
DA:163,2
DA:164,2
DA:165,6
DA:166,8
DA:169,2
DA:171,2
DA:172,2
DA:173,2
DA:175,2
DA:177,4
DA:181,1
DA:182,1
DA:183,1
DA:184,1
DA:185,1
DA:186,2
DA:188,2
DA:189,1
DA:190,1
DA:191,4
DA:194,1
DA:196,1
DA:197,1
DA:198,2
DA:199,2
DA:201,1
DA:204,2
DA:205,2
DA:206,2
DA:207,2
DA:208,2
DA:209,4
DA:211,4
DA:212,2
DA:213,2
DA:214,2
DA:216,6
DA:221,2
DA:223,2
DA:225,2
DA:226,2
DA:227,2
DA:228,2
DA:229,2
DA:232,2
DA:234,2
DA:237,2
DA:240,2
DA:241,6
DA:242,6
DA:243,6
DA:244,2
DA:250,10
DA:254,4
DA:255,2
LF:119
LH:119
end_of_record
SF:lib/versions.dart
DA:18,9
DA:19,9
DA:20,9
DA:22,27
DA:24,4
DA:27,27
DA:28,9
DA:30,8
DA:31,8
DA:32,10
DA:35,8
DA:36,3
DA:37,8
DA:38,14
DA:39,4
DA:40,6
DA:41,6
DA:42,10
DA:43,2
DA:45,6
DA:46,8
DA:47,6
DA:48,3
DA:56,2
DA:57,3
DA:58,1
DA:64,2
DA:65,2
DA:66,2
DA:67,2
DA:68,1
DA:70,2
DA:73,9
DA:74,37
DA:75,18
DA:76,27
DA:77,27
DA:78,25
DA:84,8
DA:85,11
DA:86,16
DA:87,8
DA:98,9
DA:100,4
DA:102,8
DA:103,8
DA:109,10
DA:124,30
DA:130,12
DA:134,12
DA:138,12
DA:143,10
DA:144,10
DA:145,23
DA:146,10
DA:147,22
DA:150,10
DA:153,20
DA:157,30
DA:158,20
DA:160,20
DA:167,10
DA:172,2
DA:173,4
DA:174,6
DA:175,2
DA:176,10
DA:177,8
DA:179,6
DA:180,3
DA:181,3
DA:182,6
DA:185,8
DA:187,4
DA:188,4
DA:191,8
DA:193,4
DA:194,4
DA:197,4
DA:200,10
LF:80
LH:80
end_of_record
SF:lib/manifests.dart
DA:10,3
DA:49,3
DA:51,3
DA:52,2
DA:53,3
DA:54,2
DA:55,3
DA:56,2
DA:57,3
DA:58,2
DA:59,3
DA:60,2
DA:61,3
DA:62,1
DA:63,3
DA:64,2
DA:65,3
DA:66,1
DA:67,3
DA:68,2
DA:69,3
DA:70,3
DA:72,1
DA:76,2
DA:79,2
DA:80,1
DA:81,2
DA:83,2
DA:84,2
DA:87,2
DA:88,4
DA:89,2
DA:90,2
DA:91,4
DA:92,2
DA:94,4
DA:95,2
DA:96,2
DA:97,2
DA:98,2
DA:103,4
DA:110,2
DA:111,2
DA:112,2
DA:113,2
DA:116,2
DA:117,2
DA:118,2
DA:119,4
DA:121,2
DA:122,2
DA:123,2
DA:127,2
DA:136,2
DA:139,2
DA:140,2
DA:143,2
DA:144,2
DA:145,2
DA:148,2
DA:149,2
DA:150,2
DA:151,4
DA:152,2
DA:154,2
DA:155,2
DA:156,2
DA:157,2
DA:160,2
DA:161,2
DA:170,2
DA:186,2
DA:189,2
DA:190,1
DA:193,2
DA:194,2
DA:195,2
DA:196,2
DA:198,4
DA:199,4
DA:200,2
DA:201,4
DA:202,2
DA:203,2
DA:204,2
DA:205,2
DA:207,6
DA:210,4
DA:220,1
DA:221,1
DA:222,2
DA:223,2
DA:224,1
DA:225,1
DA:226,1
DA:227,1
DA:232,2
DA:236,2
DA:240,2
DA:249,2
DA:250,2
DA:251,2
DA:252,2
DA:253,2
DA:254,4
DA:255,2
DA:256,2
DA:259,2
DA:260,2
DA:265,6
DA:276,2
DA:277,4
DA:278,2
DA:279,5
DA:280,2
DA:281,2
DA:282,6
DA:285,2
DA:287,4
DA:289,2
DA:293,1
DA:294,1
DA:295,1
DA:296,1
DA:300,1
DA:301,1
DA:302,1
DA:303,2
DA:305,1
DA:307,1
DA:309,1
DA:312,1
DA:313,1
DA:314,1
DA:320,3
DA:330,2
DA:331,4
DA:332,2
DA:334,2
DA:335,12
DA:336,2
DA:337,4
DA:339,2
DA:340,2
DA:345,2
DA:348,1
DA:349,1
DA:351,2
DA:352,1
DA:353,3
DA:354,1
DA:356,1
DA:360,1
DA:369,1
DA:370,3
DA:373,2
DA:374,2
DA:375,1
DA:376,1
DA:378,1
DA:379,1
DA:389,3
DA:391,9
DA:392,3
DA:393,3
DA:395,3
DA:397,9
DA:400,2
DA:401,2
DA:402,2
DA:403,2
DA:404,2
DA:406,2
DA:407,2
DA:408,2
DA:411,2
DA:412,2
DA:413,2
DA:423,2
DA:424,2
DA:425,4
DA:426,2
DA:429,2
DA:430,2
DA:431,2
DA:432,1
DA:437,1
DA:438,2
DA:439,1
DA:446,3
DA:447,3
DA:448,6
DA:449,9
DA:450,3
DA:452,6
DA:453,3
DA:456,3
DA:457,3
DA:458,3
DA:495,3
DA:496,3
DA:497,6
DA:498,3
DA:499,6
DA:500,3
DA:516,2
DA:517,2
DA:518,2
DA:519,4
DA:520,2
DA:521,1
DA:537,1
DA:538,1
DA:539,1
DA:540,1
DA:541,2
LF:216
LH:216
end_of_record
SF:lib/main.dart
DA:90,1
DA:109,1
DA:110,1
DA:116,1
DA:118,1
DA:121,2
DA:122,1
DA:123,2
DA:124,3
DA:125,3
DA:131,1
DA:133,2
DA:134,1
DA:137,1
DA:139,1
DA:141,1
DA:142,1
DA:143,1
DA:144,2
DA:145,2
DA:146,1
DA:147,2
DA:148,2
DA:149,3
DA:150,4
DA:151,2
DA:152,2
LF:27
LH:27
end_of_record
SF:lib/mcp/protocol.dart
DA:28,3
DA:29,3
DA:37,6
DA:38,6
DA:43,6
DA:44,3
DA:45,3
DA:46,3
DA:47,3
DA:49,12
DA:57,8
DA:65,3
DA:66,4
DA:67,3
DA:68,3
LF:15
LH:15
end_of_record
SF:lib/mcp/tools.dart
DA:14,4
DA:27,1
DA:28,2
DA:29,2
DA:34,2
DA:35,4
DA:36,4
DA:53,2
DA:55,1
DA:56,4
DA:57,1
DA:63,1
DA:64,1
DA:65,1
DA:66,1
DA:75,1
DA:77,1
DA:78,1
DA:87,1
DA:88,2
DA:89,2
DA:90,1
DA:96,2
DA:97,2
DA:99,1
DA:102,2
DA:103,4
DA:104,2
DA:105,2
DA:108,1
DA:109,1
DA:130,1
DA:132,4
DA:133,2
DA:135,1
DA:136,1
DA:143,1
DA:145,2
DA:164,1
DA:165,3
DA:166,1
DA:167,1
DA:168,2
DA:169,1
DA:170,1
DA:171,1
DA:172,3
DA:173,3
DA:174,1
DA:175,1
DA:177,1
DA:183,1
DA:184,4
DA:185,4
DA:188,2
DA:189,1
DA:190,1
DA:191,1
DA:192,1
DA:193,1
DA:196,2
DA:200,2
DA:201,2
DA:222,1
DA:224,2
DA:225,1
DA:227,1
DA:229,2
DA:232,1
DA:234,1
DA:237,2
DA:238,1
DA:240,1
DA:245,2
DA:266,2
DA:267,2
DA:268,1
DA:269,1
DA:270,1
DA:271,1
DA:272,1
DA:273,1
DA:274,2
DA:275,1
DA:276,1
DA:277,1
DA:278,1
DA:279,1
DA:282,1
DA:287,2
DA:310,1
DA:311,1
DA:315,2
DA:316,1
DA:318,2
DA:320,2
DA:321,1
DA:323,2
DA:327,2
DA:339,1
DA:340,1
DA:341,2
DA:342,1
DA:344,2
DA:348,2
DA:372,2
DA:373,2
DA:374,2
DA:375,6
DA:376,1
DA:378,2
DA:379,1
DA:381,2
DA:383,1
DA:385,2
DA:386,1
DA:392,2
DA:398,3
DA:399,1
DA:405,4
DA:409,2
DA:428,1
DA:429,1
DA:430,1
DA:431,2
DA:433,1
DA:434,4
DA:435,1
DA:437,3
DA:441,2
DA:462,1
DA:463,1
DA:464,1
DA:465,1
DA:469,2
DA:490,1
DA:491,1
DA:492,1
DA:494,2
DA:496,1
DA:500,2
DA:525,1
DA:526,1
DA:527,1
DA:528,2
DA:530,1
DA:532,2
DA:533,3
DA:537,2
DA:557,1
DA:558,2
DA:559,1
DA:560,1
DA:561,1
DA:562,1
DA:563,1
DA:564,1
DA:565,1
LF:158
LH:158
end_of_record
SF:lib/mcp/transport.dart
DA:38,2
DA:40,2
DA:42,2
DA:44,6
DA:49,2
DA:50,6
DA:52,6
DA:53,8
DA:55,2
DA:66,2
DA:71,2
DA:72,4
DA:73,4
DA:74,2
DA:75,2
DA:76,8
DA:83,2
DA:89,2
DA:90,4
DA:91,2
DA:92,4
DA:93,4
DA:107,2
DA:129,6
DA:133,4
DA:135,4
DA:137,2
DA:140,2
DA:141,2
DA:142,2
DA:144,2
DA:145,4
DA:150,2
DA:153,2
DA:154,7
DA:156,1
DA:161,4
DA:162,4
DA:163,2
DA:166,2
DA:167,2
DA:169,6
DA:170,2
DA:177,4
DA:179,2
DA:180,4
DA:182,4
DA:183,2
DA:187,6
DA:188,1
DA:192,2
DA:193,2
DA:194,2
DA:195,2
DA:196,1
DA:197,2
DA:198,2
DA:200,1
DA:208,1
DA:211,2
DA:222,2
DA:225,2
DA:233,2
DA:235,2
DA:236,4
DA:240,4
DA:243,1
DA:253,2
DA:254,4
DA:256,1
DA:265,6
DA:266,1
DA:275,2
DA:276,4
DA:279,1
DA:280,2
DA:281,1
DA:282,1
DA:290,1
DA:292,1
DA:302,1
DA:303,2
DA:306,2
DA:307,4
DA:308,4
DA:311,2
DA:312,2
DA:313,2
DA:316,2
DA:317,4
DA:318,4
DA:321,2
DA:324,2
DA:325,8
DA:327,2
DA:328,4
DA:329,2
DA:331,2
DA:332,4
DA:333,2
DA:337,2
DA:338,10
DA:343,2
DA:344,4
DA:345,7
DA:346,2
DA:347,3
DA:348,3
DA:349,1
DA:350,1
DA:354,2
DA:355,4
DA:356,4
DA:362,1
DA:368,2
DA:370,2
DA:371,2
DA:375,1
DA:380,1
DA:381,3
DA:382,2
DA:383,1
DA:386,2
DA:387,2
DA:388,6
DA:391,4
DA:392,2
LF:127
LH:127
end_of_record
SF:lib/paths.dart
DA:13,4
DA:15,3
DA:16,1
DA:21,10
DA:24,3
DA:25,6
DA:27,1
DA:29,1
DA:30,1
DA:31,1
DA:32,1
DA:33,1
DA:36,1
DA:38,1
DA:39,1
DA:42,1
DA:44,1
DA:45,2
DA:50,3
DA:51,3
DA:52,3
DA:53,3
DA:55,4
DA:56,2
DA:57,2
DA:60,4
DA:61,1
DA:66,3
DA:67,6
DA:68,2
DA:74,1
DA:75,1
DA:76,1
DA:77,1
DA:79,2
DA:80,2
DA:81,2
DA:84,2
DA:85,1
DA:90,1
DA:91,2
DA:92,2
DA:98,1
DA:99,1
DA:100,1
DA:101,1
DA:103,3
DA:104,3
DA:105,1
DA:106,2
DA:107,2
DA:113,2
DA:114,1
DA:115,2
DA:117,6
DA:118,3
DA:119,6
DA:121,3
DA:122,3
DA:123,6
LF:60
LH:60
end_of_record
SF:lib/refresh.dart
DA:9,2
DA:51,2
DA:53,1
DA:54,3
DA:55,3
DA:64,1
DA:68,1
DA:69,2
DA:70,1
DA:71,1
DA:72,1
DA:73,1
DA:74,1
DA:75,3
DA:78,1
DA:101,1
DA:109,1
DA:114,1
DA:118,1
DA:119,4
DA:136,1
DA:138,1
DA:140,1
DA:142,1
DA:143,1
DA:144,2
DA:146,1
DA:148,3
DA:150,1
DA:151,1
DA:152,1
DA:153,4
DA:154,2
DA:157,1
DA:163,2
DA:171,1
DA:172,1
DA:173,2
DA:177,2
DA:191,2
DA:193,1
DA:196,1
DA:197,2
DA:200,1
DA:202,2
DA:203,1
DA:204,1
DA:205,1
DA:209,2
DA:211,1
DA:212,4
DA:225,6
DA:237,1
DA:238,1
DA:240,1
DA:248,1
DA:257,1
LF:57
LH:57
end_of_record
SF:lib/scanner.dart
DA:34,3
DA:47,2
DA:50,2
DA:51,3
DA:52,1
DA:53,2
DA:54,2
DA:55,2
DA:57,2
DA:68,2
DA:73,2
DA:74,2
DA:75,1
DA:78,2
DA:82,2
DA:84,2
DA:86,2
DA:87,2
DA:90,2
DA:91,1
DA:92,5
DA:95,4
DA:96,4
DA:97,2
DA:104,2
DA:105,2
DA:106,4
DA:107,10
DA:112,2
DA:115,4
DA:116,2
DA:117,2
DA:119,6
DA:120,2
DA:121,2
DA:123,8
DA:124,2
DA:127,6
DA:129,2
DA:133,2
DA:134,4
DA:138,6
DA:139,2
DA:140,2
DA:144,2
DA:145,2
DA:146,2
DA:150,2
DA:151,4
DA:155,2
DA:156,2
LF:51
LH:51
end_of_record
SF:lib/secrets.dart
DA:17,2
DA:20,2
DA:21,2
DA:22,6
DA:36,1
DA:41,1
DA:42,2
DA:44,1
DA:46,2
DA:48,1
DA:49,2
DA:57,3
DA:58,3
DA:60,3
DA:61,6
DA:63,2
DA:64,4
DA:66,2
DA:67,4
DA:77,3
DA:81,3
DA:82,12
DA:83,3
DA:84,2
DA:96,2
DA:97,4
DA:98,4
DA:101,2
DA:102,4
DA:103,2
DA:108,2
DA:109,8
DA:116,2
DA:117,8
DA:118,2
DA:119,2
DA:122,2
DA:125,2
DA:126,8
DA:127,2
DA:130,2
DA:131,2
DA:132,6
DA:134,4
DA:135,2
DA:136,8
DA:140,3
DA:142,3
DA:143,2
DA:146,2
LF:50
LH:50
end_of_record
SF:lib/store.dart
DA:18,7
DA:30,2
DA:56,10
DA:60,2
DA:61,10
DA:76,10
DA:81,1
DA:82,2
DA:83,1
DA:84,1
DA:88,10
DA:89,30
DA:90,10
DA:94,1
DA:96,1
DA:97,1
DA:100,7
DA:101,7
DA:102,7
DA:103,14
DA:106,10
DA:109,20
DA:110,20
DA:111,20
DA:159,10
DA:162,20
DA:171,7
DA:172,21
DA:173,36
DA:200,8
DA:201,8
DA:202,16
DA:205,16
DA:208,8
DA:209,16
DA:211,6
DA:213,6
DA:215,3
DA:233,6
DA:235,7
DA:239,5
DA:240,15
DA:241,15
DA:244,1
DA:245,3
DA:246,1
DA:249,3
DA:260,7
DA:265,7
DA:266,7
DA:268,2
DA:269,4
DA:271,7
DA:272,35
DA:275,7
DA:277,6
DA:278,16
DA:279,4
DA:280,12
DA:282,20
DA:283,5
DA:284,20
DA:285,20
DA:286,25
DA:289,4
DA:296,4
DA:297,4
DA:298,4
DA:300,8
DA:301,12
DA:302,4
DA:303,4
DA:304,8
DA:309,10
DA:323,5
DA:324,5
DA:325,5
DA:327,5
DA:328,5
DA:329,10
DA:330,15
DA:332,15
DA:336,4
DA:338,16
DA:339,8
DA:342,10
DA:343,5
DA:345,4
DA:347,16
DA:348,8
DA:351,5
DA:354,8
DA:355,4
DA:356,4
DA:358,8
DA:359,4
DA:361,16
DA:362,3
DA:369,2
DA:370,4
DA:371,2
DA:372,2
DA:375,2
DA:377,2
DA:378,2
DA:381,3
DA:382,9
DA:383,3
DA:388,3
DA:389,9
DA:390,3
DA:393,3
DA:404,3
DA:412,3
DA:413,3
DA:415,3
DA:416,3
DA:419,2
DA:420,2
DA:423,3
DA:424,3
DA:426,2
DA:429,2
DA:430,4
DA:433,3
DA:434,3
DA:435,12
DA:437,3
DA:465,2
DA:466,2
DA:467,2
DA:468,4
DA:473,4
DA:474,6
DA:475,4
DA:476,2
DA:477,4
DA:480,4
DA:492,2
DA:506,6
DA:507,12
DA:513,12
DA:514,12
DA:516,6
DA:517,10
DA:518,6
DA:519,6
DA:520,6
DA:522,18
DA:525,6
DA:527,6
DA:534,4
DA:536,4
DA:537,8
DA:538,4
DA:539,4
DA:540,20
DA:543,10
DA:544,2
DA:551,3
DA:553,9
DA:555,6
DA:557,3
DA:560,3
DA:565,10
DA:566,10
DA:569,5
DA:570,5
DA:578,4
DA:579,8
DA:580,4
DA:582,4
DA:583,4
DA:584,8
DA:585,12
DA:587,12
DA:591,3
DA:592,9
DA:595,12
DA:599,3
DA:600,9
DA:604,4
DA:619,3
DA:620,6
DA:621,3
DA:623,3
DA:624,3
DA:625,6
DA:626,9
DA:630,9
DA:634,2
DA:636,8
DA:637,4
DA:640,6
DA:641,3
DA:643,2
DA:645,8
DA:646,4
DA:650,3
DA:651,5
DA:652,2
DA:655,2
DA:658,4
DA:659,4
DA:660,4
DA:663,4
DA:664,2
DA:673,10
DA:686,6
DA:691,12
DA:694,12
DA:696,6
DA:698,12
DA:702,12
DA:703,12
DA:704,6
DA:705,6
DA:706,6
DA:707,6
DA:708,6
DA:709,6
DA:712,12
DA:714,2
DA:717,6
DA:719,6
DA:723,2
DA:724,1
DA:725,3
DA:726,1
DA:730,8
DA:731,4
DA:732,10
DA:733,4
DA:735,3
DA:736,9
DA:737,3
DA:740,2
DA:741,6
DA:742,2
DA:754,1
DA:755,3
DA:756,3
DA:765,10
DA:766,30
DA:770,10
DA:773,2
DA:775,6
DA:776,6
DA:779,2
DA:781,6
DA:782,6
DA:790,2
DA:791,4
DA:794,6
LF:254
LH:254
end_of_record
SF:lib/ui/app.dart
DA:10,2
DA:21,2
DA:22,2
DA:30,1
DA:31,3
DA:33,3
DA:34,1
DA:38,3
DA:39,5
DA:40,5
DA:41,1
DA:42,1
DA:43,4
DA:45,4
DA:49,2
DA:50,2
DA:51,2
DA:52,4
DA:53,2
DA:55,4
DA:61,2
DA:63,2
DA:67,2
DA:68,4
DA:69,2
DA:74,2
DA:75,2
DA:76,8
DA:78,4
DA:80,2
DA:81,2
DA:82,2
DA:83,2
DA:84,2
DA:85,10
DA:87,2
DA:88,4
DA:89,2
DA:90,2
DA:91,2
DA:93,2
DA:94,2
DA:95,4
DA:96,2
DA:97,2
DA:103,6
DA:104,2
DA:105,4
DA:107,2
DA:108,2
DA:109,4
DA:112,4
DA:113,2
DA:114,2
DA:115,4
DA:116,2
DA:139,2
DA:161,2
DA:163,2
DA:164,2
DA:165,2
DA:166,6
DA:168,2
DA:170,2
DA:172,2
DA:173,2
DA:175,2
DA:177,2
DA:178,2
DA:184,2
DA:185,2
DA:186,2
DA:187,4
DA:188,4
DA:192,8
DA:193,3
DA:195,2
DA:196,2
DA:198,2
DA:199,2
DA:200,2
DA:201,4
DA:202,2
DA:203,1
DA:206,1
DA:208,1
DA:214,2
DA:215,2
DA:230,2
DA:244,2
DA:246,2
DA:247,9
DA:249,2
DA:250,2
DA:253,2
DA:255,2
DA:256,2
DA:257,2
DA:258,4
DA:263,2
DA:266,2
DA:267,2
DA:268,4
DA:269,2
DA:272,2
DA:276,8
LF:106
LH:106
end_of_record
SF:lib/ui/settings.dart
DA:19,2
DA:38,2
DA:39,2
DA:51,2
DA:53,2
DA:54,2
DA:57,2
DA:59,4
DA:60,2
DA:63,2
DA:65,6
DA:66,8
DA:67,1
DA:72,2
DA:73,6
DA:74,1
DA:75,3
DA:76,3
DA:79,2
DA:80,6
DA:82,6
DA:83,2
DA:84,2
DA:85,6
DA:86,4
DA:87,4
DA:90,8
DA:98,1
DA:99,2
DA:101,3
DA:102,2
DA:103,1
DA:104,1
DA:105,2
DA:106,1
DA:107,1
DA:109,1
DA:110,1
DA:111,2
DA:112,3
DA:113,1
DA:115,1
DA:116,1
DA:117,2
DA:118,3
DA:119,1
DA:124,1
DA:125,3
DA:126,4
DA:131,1
DA:132,3
DA:133,1
DA:136,2
DA:138,2
DA:139,6
DA:140,4
DA:142,2
DA:144,2
DA:145,2
DA:148,2
DA:149,2
DA:155,2
DA:156,2
DA:158,1
DA:159,1
DA:161,1
DA:162,1
DA:163,1
DA:164,1
DA:167,2
DA:170,1
DA:174,1
DA:175,3
DA:176,2
DA:182,2
DA:183,2
DA:184,2
DA:185,2
DA:186,2
DA:190,2
DA:191,4
DA:196,2
DA:197,2
DA:199,2
DA:200,2
DA:201,4
DA:207,2
DA:209,2
DA:210,2
DA:217,2
DA:218,1
DA:220,1
DA:222,2
DA:225,2
DA:227,2
DA:231,4
DA:237,2
DA:238,2
DA:240,2
DA:241,2
DA:245,2
DA:246,1
DA:248,1
DA:249,1
DA:250,1
DA:253,3
DA:260,2
DA:262,2
DA:263,4
DA:264,2
DA:266,4
DA:267,2
DA:269,6
DA:270,2
DA:271,6
DA:272,4
DA:275,2
DA:277,2
DA:283,2
DA:284,2
DA:286,2
DA:287,2
DA:292,1
DA:293,1
DA:294,1
DA:295,1
DA:296,1
DA:297,2
DA:300,1
DA:303,2
DA:304,2
DA:307,1
DA:310,1
DA:315,1
DA:326,2
DA:336,2
DA:338,2
DA:339,2
DA:340,2
DA:342,2
DA:343,6
DA:346,2
DA:348,2
DA:349,10
DA:351,2
LF:145
LH:145
end_of_record
SF:lib/ui/theme.dart
DA:17,4
DA:74,1
DA:83,1
DA:84,1
DA:85,1
DA:86,1
DA:87,1
DA:88,1
DA:89,1
DA:90,1
DA:93,1
DA:96,1
DA:97,3
DA:98,3
DA:99,3
DA:100,3
DA:101,3
DA:102,3
DA:103,3
DA:113,5
DA:114,10
DA:136,5
DA:140,5
DA:152,8
DA:155,4
DA:172,3
DA:173,3
DA:178,3
DA:179,3
DA:181,3
DA:182,3
DA:183,3
DA:184,3
DA:185,3
DA:186,3
DA:191,3
DA:195,3
DA:196,3
DA:197,3
DA:199,6
DA:200,6
DA:201,6
DA:202,3
DA:203,6
DA:204,3
DA:205,3
DA:207,12
DA:208,6
DA:209,3
DA:210,6
DA:211,6
DA:214,3
DA:215,3
DA:216,3
DA:223,3
DA:224,3
DA:225,3
DA:226,6
DA:232,3
DA:233,3
DA:234,3
DA:235,3
DA:241,3
DA:244,3
DA:245,4
DA:246,3
DA:247,3
DA:249,6
DA:251,3
DA:253,6
DA:255,3
DA:257,6
DA:259,6
DA:260,6
DA:262,3
DA:263,3
DA:264,6
DA:268,3
DA:269,3
DA:270,3
DA:272,6
DA:275,6
LF:82
LH:82
end_of_record
SF:lib/ui/watch_detail.dart
DA:10,2
DA:15,2
DA:17,2
DA:18,2
DA:20,2
DA:24,2
DA:26,1
DA:29,2
DA:30,2
DA:31,1
DA:32,1
DA:33,2
DA:35,1
DA:37,1
DA:38,1
DA:40,1
DA:41,2
DA:43,1
DA:44,1
DA:47,1
DA:48,2
DA:49,3
DA:51,1
DA:52,2
DA:53,2
DA:64,1
DA:65,1
DA:67,1
DA:68,3
DA:70,3
DA:74,1
DA:76,1
DA:77,1
DA:79,2
DA:81,1
DA:82,3
DA:86,1
DA:88,1
DA:89,1
DA:91,2
DA:93,1
DA:94,1
DA:95,1
DA:96,1
DA:104,3
DA:105,1
DA:106,4
DA:111,1
DA:126,1
DA:130,1
DA:131,1
DA:133,1
DA:135,1
DA:141,2
DA:145,2
DA:147,2
DA:148,2
DA:149,2
DA:151,2
DA:152,2
DA:154,4
DA:162,1
DA:167,1
DA:169,1
DA:170,2
DA:172,1
DA:174,1
DA:176,1
DA:177,1
DA:179,1
DA:180,1
DA:181,1
DA:182,2
DA:183,1
DA:184,1
DA:190,1
DA:191,3
DA:194,1
DA:195,3
DA:197,3
DA:204,1
DA:205,1
DA:206,1
DA:207,4
DA:208,2
DA:210,3
DA:212,1
DA:213,1
DA:214,2
DA:216,2
DA:220,3
DA:222,2
DA:224,4
DA:225,2
DA:240,1
DA:245,1
DA:247,1
DA:248,1
DA:249,1
DA:250,3
DA:253,1
DA:255,1
DA:256,5
DA:258,1
DA:266,1
DA:270,1
DA:272,1
DA:273,1
DA:275,1
DA:277,1
DA:278,1
DA:280,1
DA:281,2
DA:282,1
DA:283,2
DA:285,2
DA:290,1
DA:292,1
DA:293,2
DA:295,2
DA:298,3
DA:300,3
DA:302,1
DA:303,1
DA:305,1
DA:307,1
DA:317,3
DA:318,3
DA:321,1
DA:322,1
DA:323,2
DA:326,1
DA:327,4
DA:342,1
DA:352,1
DA:354,1
DA:355,1
DA:358,1
DA:361,1
DA:362,1
DA:363,3
DA:368,1
DA:370,1
DA:371,1
DA:372,1
DA:373,1
DA:374,2
DA:375,1
DA:376,1
DA:378,2
DA:381,3
DA:383,1
DA:384,4
DA:385,2
DA:388,1
DA:389,2
DA:390,2
DA:393,2
DA:394,1
DA:396,1
DA:397,2
DA:398,2
LF:162
LH:162
end_of_record
SF:lib/ui/watch_list.dart
DA:8,2
DA:38,2
DA:40,2
DA:42,4
DA:43,2
DA:44,2
DA:46,2
DA:47,4
DA:49,4
DA:57,8
DA:58,4
DA:59,4
DA:61,2
DA:62,4
DA:63,2
DA:64,4
DA:65,2
DA:67,6
DA:68,6
DA:69,4
DA:70,6
DA:71,4
DA:79,2
DA:111,2
DA:112,4
DA:113,4
DA:114,1
DA:115,2
DA:116,1
DA:118,1
DA:119,2
DA:120,3
DA:123,2
DA:125,2
DA:126,2
DA:127,1
DA:129,2
DA:130,2
DA:131,2
DA:132,2
DA:133,4
DA:134,2
DA:135,6
DA:138,2
DA:139,3
DA:144,2
DA:146,2
DA:148,2
DA:149,2
DA:151,2
DA:153,2
DA:154,8
DA:155,4
DA:159,2
DA:160,2
DA:162,2
DA:163,2
DA:164,2
DA:165,2
DA:166,2
DA:167,4
DA:169,2
DA:171,2
DA:175,4
DA:181,4
DA:182,1
DA:184,1
DA:185,2
DA:186,1
DA:189,1
DA:193,4
DA:194,1
DA:196,1
DA:198,1
DA:201,1
DA:208,2
DA:209,2
DA:211,4
DA:217,2
DA:219,2
DA:220,2
DA:221,1
DA:222,1
DA:223,2
DA:225,1
DA:226,1
DA:228,2
DA:230,4
DA:231,1
DA:233,2
DA:252,1
DA:256,1
DA:258,1
DA:259,1
DA:262,3
DA:263,1
DA:264,2
DA:265,2
LF:98
LH:98
end_of_record
SF:lib/ui/drift_axis.dart
DA:21,2
DA:40,2
DA:42,2
DA:43,6
DA:44,2
DA:46,2
DA:47,10
DA:53,2
DA:55,4
DA:56,2
DA:58,2
DA:60,2
DA:64,2
DA:66,4
DA:67,6
DA:69,2
DA:70,2
DA:72,2
DA:74,2
DA:75,2
DA:76,2
DA:77,8
DA:79,2
DA:80,2
DA:81,2
DA:82,2
DA:90,2
DA:92,2
DA:93,2
DA:94,2
DA:97,2
DA:98,2
DA:99,2
DA:100,2
DA:106,2
DA:107,2
DA:108,2
DA:110,6
DA:118,6
DA:123,2
DA:129,2
DA:130,4
DA:131,2
DA:133,2
DA:134,2
DA:136,6
DA:137,6
DA:138,2
DA:139,2
DA:140,4
DA:141,4
DA:144,2
DA:145,2
DA:147,4
DA:151,2
DA:152,6
DA:154,4
DA:155,2
DA:156,2
DA:157,2
DA:160,4
DA:163,2
DA:169,2
DA:170,2
DA:171,2
DA:173,8
DA:174,6
DA:175,2
DA:176,2
DA:178,4
DA:181,2
DA:182,6
DA:184,4
DA:185,4
DA:187,2
DA:192,2
DA:214,2
DA:215,4
DA:216,8
DA:217,10
DA:220,2
DA:222,4
DA:223,4
DA:224,8
DA:226,2
DA:227,4
DA:228,2
DA:229,2
DA:230,6
DA:236,2
DA:237,6
DA:238,2
DA:239,6
DA:240,2
DA:241,2
DA:242,4
DA:243,2
DA:244,2
DA:248,2
DA:249,4
DA:250,2
DA:251,6
DA:252,4
DA:253,10
DA:258,2
DA:259,4
DA:260,4
DA:261,2
DA:262,4
DA:263,2
DA:269,2
DA:270,4
DA:271,6
DA:273,4
DA:274,6
DA:275,2
DA:276,6
DA:278,8
DA:279,7
DA:284,1
DA:286,3
DA:287,3
DA:288,3
DA:289,3
DA:290,3
DA:291,3
DA:292,3
LF:127
LH:127
end_of_record
